<?xml version="1.0" encoding="UTF-8"?>
<!-- Generated by org.testng.reporters.JUnitReportReporter -->
<testsuite name="CucumberOptions.TestRunner" tests="1" time="0.013" ignored="0" failures="0" timestamp="14 Sep 2020 17:45:39 GMT" skipped="0" hostname="DESKTOP-4PN7GR3" errors="0">
  <testcase name="feature" time="0.013" classname="CucumberOptions.TestRunner"/>
</testsuite> <!-- CucumberOptions.TestRunner -->
