<?xml version="1.0" encoding="UTF-8"?>
<!-- Generated by org.testng.reporters.JUnitReportReporter -->
<testsuite skipped="0" hostname="DESKTOP-4PN7GR3" name="HomePage" tests="2" failures="0" timestamp="2020-09-11T11:22:02 IST" time="56.260" errors="0">
  <testcase name="basePageNavigation" time="48.962" classname="HomePage"/>
  <system-out/>
  <testcase name="basePageNavigation" time="7.298" classname="HomePage"/>
  <system-out/>
</testsuite> <!-- HomePage -->
