<?xml version="1.0" encoding="UTF-8"?>
<!-- Generated by org.testng.reporters.JUnitReportReporter -->
<testsuite skipped="0" hostname="DESKTOP-4PN7GR3" name="validateAssertions" tests="1" failures="0" timestamp="2020-09-11T11:22:02 IST" time="0.117" errors="0">
  <testcase name="validate" time="0.117" classname="validateAssertions"/>
  <system-out/>
</testsuite> <!-- validateAssertions -->
